Model {
  Name			  "model_ciagly"
  Version		  7.5
  MdlSubVersion		  0
  GraphicalInterface {
    NumRootInports	    0
    NumRootOutports	    0
    ParameterArgumentNames  ""
    ComputedModelVersion    "1.9"
    NumModelReferences	    0
    NumTestPointedSignals   0
  }
  SavedCharacterEncoding  "windows-1250"
  SaveDefaultBlockParams  on
  ScopeRefreshTime	  0.035000
  OverrideScopeRefreshTime on
  DisableAllScopes	  off
  DataTypeOverride	  "UseLocalSettings"
  MinMaxOverflowLogging	  "UseLocalSettings"
  MinMaxOverflowArchiveMode "Overwrite"
  MaxMDLFileLineLength	  120
  Created		  "Wed Mar 09 12:34:55 2016"
  Creator		  "Konrad"
  UpdateHistory		  "UpdateHistoryNever"
  ModifiedByFormat	  "%<Auto>"
  LastModifiedBy	  "Konrad"
  ModifiedDateFormat	  "%<Auto>"
  LastModifiedDate	  "Wed May 04 20:53:40 2016"
  RTWModifiedTimeStamp	  384295142
  ModelVersionFormat	  "1.%<AutoIncrement:9>"
  ConfigurationManager	  "None"
  SampleTimeColors	  off
  SampleTimeAnnotations	  off
  LibraryLinkDisplay	  "none"
  WideLines		  off
  ShowLineDimensions	  off
  ShowPortDataTypes	  off
  ShowLoopsOnError	  on
  IgnoreBidirectionalLines off
  ShowStorageClass	  off
  ShowTestPointIcons	  on
  ShowSignalResolutionIcons on
  ShowViewerIcons	  on
  SortedOrder		  off
  ExecutionContextIcon	  off
  ShowLinearizationAnnotations on
  BlockNameDataTip	  off
  BlockParametersDataTip  off
  BlockDescriptionStringDataTip	off
  ToolBar		  on
  StatusBar		  on
  BrowserShowLibraryLinks off
  BrowserLookUnderMasks	  off
  SimulationMode	  "normal"
  LinearizationMsg	  "none"
  Profile		  off
  ParamWorkspaceSource	  "MATLABWorkspace"
  AccelSystemTargetFile	  "accel.tlc"
  AccelTemplateMakefile	  "accel_default_tmf"
  AccelMakeCommand	  "make_rtw"
  TryForcingSFcnDF	  off
  RecordCoverage	  off
  CovPath		  "/"
  CovSaveName		  "covdata"
  CovMetricSettings	  "dw"
  CovNameIncrementing	  off
  CovHtmlReporting	  on
  CovForceBlockReductionOff on
  covSaveCumulativeToWorkspaceVar on
  CovSaveSingleToWorkspaceVar on
  CovCumulativeVarName	  "covCumulativeData"
  CovCumulativeReport	  off
  CovReportOnPause	  on
  CovModelRefEnable	  "Off"
  CovExternalEMLEnable	  off
  ExtModeBatchMode	  off
  ExtModeEnableFloating	  on
  ExtModeTrigType	  "manual"
  ExtModeTrigMode	  "normal"
  ExtModeTrigPort	  "1"
  ExtModeTrigElement	  "any"
  ExtModeTrigDuration	  1000
  ExtModeTrigDurationFloating "auto"
  ExtModeTrigHoldOff	  0
  ExtModeTrigDelay	  0
  ExtModeTrigDirection	  "rising"
  ExtModeTrigLevel	  0
  ExtModeArchiveMode	  "off"
  ExtModeAutoIncOneShot	  off
  ExtModeIncDirWhenArm	  off
  ExtModeAddSuffixToVar	  off
  ExtModeWriteAllDataToWs off
  ExtModeArmWhenConnect	  on
  ExtModeSkipDownloadWhenConnect off
  ExtModeLogAll		  on
  ExtModeAutoUpdateStatusClock on
  BufferReuse		  on
  ShowModelReferenceBlockVersion off
  ShowModelReferenceBlockIO off
  Array {
    Type		    "Handle"
    Dimension		    1
    Simulink.ConfigSet {
      $ObjectID		      1
      Version		      "1.10.0"
      Array {
	Type			"Handle"
	Dimension		8
	Simulink.SolverCC {
	  $ObjectID		  2
	  Version		  "1.10.0"
	  StartTime		  "0.0"
	  StopTime		  "5"
	  AbsTol		  "auto"
	  FixedStep		  "auto"
	  InitialStep		  "auto"
	  MaxNumMinSteps	  "-1"
	  MaxOrder		  5
	  ZcThreshold		  "auto"
	  ConsecutiveZCsStepRelTol "10*128*eps"
	  MaxConsecutiveZCs	  "1000"
	  ExtrapolationOrder	  4
	  NumberNewtonIterations  1
	  MaxStep		  "0.001"
	  MinStep		  "auto"
	  MaxConsecutiveMinStep	  "1"
	  RelTol		  "1e-3"
	  SolverMode		  "Auto"
	  Solver		  "ode45"
	  SolverName		  "ode45"
	  SolverJacobianMethodControl "auto"
	  ShapePreserveControl	  "DisableAll"
	  ZeroCrossControl	  "UseLocalSettings"
	  ZeroCrossAlgorithm	  "Nonadaptive"
	  AlgebraicLoopSolver	  "TrustRegion"
	  SolverResetMethod	  "Fast"
	  PositivePriorityOrder	  off
	  AutoInsertRateTranBlk	  off
	  SampleTimeConstraint	  "Unconstrained"
	  InsertRTBMode		  "Whenever possible"
	}
	Simulink.DataIOCC {
	  $ObjectID		  3
	  Version		  "1.10.0"
	  Decimation		  "1"
	  ExternalInput		  "[t, u]"
	  FinalStateName	  "xFinal"
	  InitialState		  "xInitial"
	  LimitDataPoints	  on
	  MaxDataPoints		  "1000"
	  LoadExternalInput	  off
	  LoadInitialState	  off
	  SaveFinalState	  off
	  SaveCompleteFinalSimState off
	  SaveFormat		  "Array"
	  SaveOutput		  on
	  SaveState		  off
	  SignalLogging		  on
	  DSMLogging		  on
	  InspectSignalLogs	  off
	  SaveTime		  on
	  ReturnWorkspaceOutputs  off
	  StateSaveName		  "xout"
	  TimeSaveName		  "tout"
	  OutputSaveName	  "yout"
	  SignalLoggingName	  "logsout"
	  DSMLoggingName	  "dsmout"
	  OutputOption		  "RefineOutputTimes"
	  OutputTimes		  "[]"
	  ReturnWorkspaceOutputsName "out"
	  Refine		  "1"
	}
	Simulink.OptimizationCC {
	  $ObjectID		  4
	  Version		  "1.10.0"
	  Array {
	    Type		    "Cell"
	    Dimension		    7
	    Cell		    "BooleansAsBitfields"
	    Cell		    "PassReuseOutputArgsAs"
	    Cell		    "PassReuseOutputArgsThreshold"
	    Cell		    "ZeroExternalMemoryAtStartup"
	    Cell		    "ZeroInternalMemoryAtStartup"
	    Cell		    "OptimizeModelRefInitCode"
	    Cell		    "NoFixptDivByZeroProtection"
	    PropName		    "DisabledProps"
	  }
	  BlockReduction	  on
	  BooleanDataType	  on
	  ConditionallyExecuteInputs on
	  InlineParams		  off
	  UseIntDivNetSlope	  off
	  InlineInvariantSignals  off
	  OptimizeBlockIOStorage  on
	  BufferReuse		  on
	  EnhancedBackFolding	  off
	  StrengthReduction	  off
	  EnforceIntegerDowncast  on
	  ExpressionFolding	  on
	  BooleansAsBitfields	  off
	  BitfieldContainerType	  "uint_T"
	  EnableMemcpy		  on
	  MemcpyThreshold	  64
	  PassReuseOutputArgsAs	  "Structure reference"
	  ExpressionDepthLimit	  2147483647
	  FoldNonRolledExpr	  on
	  LocalBlockOutputs	  on
	  RollThreshold		  5
	  SystemCodeInlineAuto	  off
	  StateBitsets		  off
	  DataBitsets		  off
	  UseTempVars		  off
	  ZeroExternalMemoryAtStartup on
	  ZeroInternalMemoryAtStartup on
	  InitFltsAndDblsToZero	  off
	  NoFixptDivByZeroProtection off
	  EfficientFloat2IntCast  off
	  EfficientMapNaN2IntZero on
	  OptimizeModelRefInitCode off
	  LifeSpan		  "inf"
	  MaxStackSize		  "Inherit from target"
	  BufferReusableBoundary  on
	  SimCompilerOptimization "Off"
	  AccelVerboseBuild	  off
	}
	Simulink.DebuggingCC {
	  $ObjectID		  5
	  Version		  "1.10.0"
	  RTPrefix		  "error"
	  ConsistencyChecking	  "none"
	  ArrayBoundsChecking	  "none"
	  SignalInfNanChecking	  "none"
	  SignalRangeChecking	  "none"
	  ReadBeforeWriteMsg	  "UseLocalSettings"
	  WriteAfterWriteMsg	  "UseLocalSettings"
	  WriteAfterReadMsg	  "UseLocalSettings"
	  AlgebraicLoopMsg	  "warning"
	  ArtificialAlgebraicLoopMsg "warning"
	  SaveWithDisabledLinksMsg "warning"
	  SaveWithParameterizedLinksMsg	"warning"
	  CheckSSInitialOutputMsg on
	  UnderspecifiedInitializationDetection	"Classic"
	  MergeDetectMultiDrivingBlocksExec "none"
	  CheckExecutionContextPreStartOutputMsg off
	  CheckExecutionContextRuntimeOutputMsg	off
	  SignalResolutionControl "UseLocalSettings"
	  BlockPriorityViolationMsg "warning"
	  MinStepSizeMsg	  "warning"
	  TimeAdjustmentMsg	  "none"
	  MaxConsecutiveZCsMsg	  "error"
	  SolverPrmCheckMsg	  "warning"
	  InheritedTsInSrcMsg	  "warning"
	  DiscreteInheritContinuousMsg "warning"
	  MultiTaskDSMMsg	  "error"
	  MultiTaskCondExecSysMsg "error"
	  MultiTaskRateTransMsg	  "error"
	  SingleTaskRateTransMsg  "none"
	  TasksWithSamePriorityMsg "warning"
	  SigSpecEnsureSampleTimeMsg "warning"
	  CheckMatrixSingularityMsg "none"
	  IntegerOverflowMsg	  "warning"
	  Int32ToFloatConvMsg	  "warning"
	  ParameterDowncastMsg	  "error"
	  ParameterOverflowMsg	  "error"
	  ParameterUnderflowMsg	  "none"
	  ParameterPrecisionLossMsg "warning"
	  ParameterTunabilityLossMsg "warning"
	  FixptConstUnderflowMsg  "none"
	  FixptConstOverflowMsg	  "none"
	  FixptConstPrecisionLossMsg "none"
	  UnderSpecifiedDataTypeMsg "none"
	  UnnecessaryDatatypeConvMsg "none"
	  VectorMatrixConversionMsg "none"
	  InvalidFcnCallConnMsg	  "error"
	  FcnCallInpInsideContextMsg "Use local settings"
	  SignalLabelMismatchMsg  "none"
	  UnconnectedInputMsg	  "warning"
	  UnconnectedOutputMsg	  "warning"
	  UnconnectedLineMsg	  "warning"
	  SFcnCompatibilityMsg	  "none"
	  UniqueDataStoreMsg	  "none"
	  BusObjectLabelMismatch  "warning"
	  RootOutportRequireBusObject "warning"
	  AssertControl		  "UseLocalSettings"
	  EnableOverflowDetection off
	  ModelReferenceIOMsg	  "none"
	  ModelReferenceVersionMismatchMessage "none"
	  ModelReferenceIOMismatchMessage "none"
	  ModelReferenceCSMismatchMessage "none"
	  UnknownTsInhSupMsg	  "warning"
	  ModelReferenceDataLoggingMessage "warning"
	  ModelReferenceSymbolNameMessage "warning"
	  ModelReferenceExtraNoncontSigs "error"
	  StateNameClashWarn	  "warning"
	  SimStateInterfaceChecksumMismatchMsg "warning"
	  StrictBusMsg		  "ErrorLevel1"
	  BusNameAdapt		  "WarnAndRepair"
	  NonBusSignalsTreatedAsBus "none"
	  LoggingUnavailableSignals "error"
	  BlockIODiagnostic	  "none"
	}
	Simulink.HardwareCC {
	  $ObjectID		  6
	  Version		  "1.10.0"
	  ProdBitPerChar	  8
	  ProdBitPerShort	  16
	  ProdBitPerInt		  32
	  ProdBitPerLong	  32
	  ProdIntDivRoundTo	  "Undefined"
	  ProdEndianess		  "Unspecified"
	  ProdWordSize		  32
	  ProdShiftRightIntArith  on
	  ProdHWDeviceType	  "32-bit Generic"
	  TargetBitPerChar	  8
	  TargetBitPerShort	  16
	  TargetBitPerInt	  32
	  TargetBitPerLong	  32
	  TargetShiftRightIntArith on
	  TargetIntDivRoundTo	  "Undefined"
	  TargetEndianess	  "Unspecified"
	  TargetWordSize	  32
	  TargetTypeEmulationWarnSuppressLevel 0
	  TargetPreprocMaxBitsSint 32
	  TargetPreprocMaxBitsUint 32
	  TargetHWDeviceType	  "Specified"
	  TargetUnknown		  off
	  ProdEqTarget		  on
	}
	Simulink.ModelReferenceCC {
	  $ObjectID		  7
	  Version		  "1.10.0"
	  UpdateModelReferenceTargets "IfOutOfDateOrStructuralChange"
	  CheckModelReferenceTargetMessage "error"
	  EnableParallelModelReferenceBuilds off
	  ParallelModelReferenceMATLABWorkerInit "None"
	  ModelReferenceNumInstancesAllowed "Multi"
	  PropagateVarSize	  "Infer from blocks in model"
	  ModelReferencePassRootInputsByReference on
	  ModelReferenceMinAlgLoopOccurrences off
	  PropagateSignalLabelsOutOfModel off
	  SupportModelReferenceSimTargetCustomCode off
	}
	Simulink.SFSimCC {
	  $ObjectID		  8
	  Version		  "1.10.0"
	  SFSimEnableDebug	  on
	  SFSimOverflowDetection  on
	  SFSimEcho		  on
	  SimBlas		  on
	  SimCtrlC		  on
	  SimExtrinsic		  on
	  SimIntegrity		  on
	  SimUseLocalCustomCode	  off
	  SimBuildMode		  "sf_incremental_build"
	}
	Simulink.RTWCC {
	  $BackupClass		  "Simulink.RTWCC"
	  $ObjectID		  9
	  Version		  "1.10.0"
	  Array {
	    Type		    "Cell"
	    Dimension		    6
	    Cell		    "IncludeHyperlinkInReport"
	    Cell		    "GenerateTraceInfo"
	    Cell		    "GenerateTraceReport"
	    Cell		    "GenerateTraceReportSl"
	    Cell		    "GenerateTraceReportSf"
	    Cell		    "GenerateTraceReportEml"
	    PropName		    "DisabledProps"
	  }
	  SystemTargetFile	  "grt.tlc"
	  GenCodeOnly		  off
	  MakeCommand		  "make_rtw"
	  GenerateMakefile	  on
	  TemplateMakefile	  "grt_default_tmf"
	  GenerateReport	  off
	  SaveLog		  off
	  RTWVerbose		  on
	  RetainRTWFile		  off
	  ProfileTLC		  off
	  TLCDebug		  off
	  TLCCoverage		  off
	  TLCAssert		  off
	  ProcessScriptMode	  "Default"
	  ConfigurationMode	  "Optimized"
	  ConfigAtBuild		  off
	  RTWUseLocalCustomCode	  off
	  RTWUseSimCustomCode	  off
	  IncludeHyperlinkInReport off
	  LaunchReport		  off
	  TargetLang		  "C"
	  IncludeBusHierarchyInRTWFileBlockHierarchyMap	off
	  IncludeERTFirstTime	  off
	  GenerateTraceInfo	  off
	  GenerateTraceReport	  off
	  GenerateTraceReportSl	  off
	  GenerateTraceReportSf	  off
	  GenerateTraceReportEml  off
	  GenerateCodeInfo	  off
	  RTWCompilerOptimization "Off"
	  CheckMdlBeforeBuild	  "Off"
	  CustomRebuildMode	  "OnUpdate"
	  Array {
	    Type		    "Handle"
	    Dimension		    2
	    Simulink.CodeAppCC {
	      $ObjectID		      10
	      Version		      "1.10.0"
	      Array {
		Type			"Cell"
		Dimension		19
		Cell			"IgnoreCustomStorageClasses"
		Cell			"IgnoreTestpoints"
		Cell			"InsertBlockDesc"
		Cell			"SFDataObjDesc"
		Cell			"SimulinkDataObjDesc"
		Cell			"DefineNamingRule"
		Cell			"SignalNamingRule"
		Cell			"ParamNamingRule"
		Cell			"InlinedPrmAccess"
		Cell			"CustomSymbolStr"
		Cell			"CustomSymbolStrGlobalVar"
		Cell			"CustomSymbolStrType"
		Cell			"CustomSymbolStrField"
		Cell			"CustomSymbolStrFcn"
		Cell			"CustomSymbolStrFcnArg"
		Cell			"CustomSymbolStrBlkIO"
		Cell			"CustomSymbolStrTmpVar"
		Cell			"CustomSymbolStrMacro"
		Cell			"ReqsInCode"
		PropName		"DisabledProps"
	      }
	      ForceParamTrailComments off
	      GenerateComments	      on
	      IgnoreCustomStorageClasses on
	      IgnoreTestpoints	      off
	      IncHierarchyInIds	      off
	      MaxIdLength	      31
	      PreserveName	      off
	      PreserveNameWithParent  off
	      ShowEliminatedStatement off
	      IncAutoGenComments      off
	      SimulinkDataObjDesc     off
	      SFDataObjDesc	      off
	      IncDataTypeInIds	      off
	      MangleLength	      1
	      CustomSymbolStrGlobalVar "$R$N$M"
	      CustomSymbolStrType     "$N$R$M"
	      CustomSymbolStrField    "$N$M"
	      CustomSymbolStrFcn      "$R$N$M$F"
	      CustomSymbolStrFcnArg   "rt$I$N$M"
	      CustomSymbolStrBlkIO    "rtb_$N$M"
	      CustomSymbolStrTmpVar   "$N$M"
	      CustomSymbolStrMacro    "$R$N$M"
	      DefineNamingRule	      "None"
	      ParamNamingRule	      "None"
	      SignalNamingRule	      "None"
	      InsertBlockDesc	      off
	      SimulinkBlockComments   on
	      EnableCustomComments    off
	      InlinedPrmAccess	      "Literals"
	      ReqsInCode	      off
	      UseSimReservedNames     off
	    }
	    Simulink.GRTTargetCC {
	      $BackupClass	      "Simulink.TargetCC"
	      $ObjectID		      11
	      Version		      "1.10.0"
	      Array {
		Type			"Cell"
		Dimension		17
		Cell			"GeneratePreprocessorConditionals"
		Cell			"IncludeMdlTerminateFcn"
		Cell			"CombineOutputUpdateFcns"
		Cell			"SuppressErrorStatus"
		Cell			"ERTCustomFileBanners"
		Cell			"GenerateSampleERTMain"
		Cell			"GenerateTestInterfaces"
		Cell			"ModelStepFunctionPrototypeControlCompliant"
		Cell			"CPPClassGenCompliant"
		Cell			"MultiInstanceERTCode"
		Cell			"PurelyIntegerCode"
		Cell			"SupportNonFinite"
		Cell			"SupportComplex"
		Cell			"SupportAbsoluteTime"
		Cell			"SupportContinuousTime"
		Cell			"SupportNonInlinedSFcns"
		Cell			"PortableWordSizes"
		PropName		"DisabledProps"
	      }
	      TargetFcnLib	      "ansi_tfl_table_tmw.mat"
	      TargetLibSuffix	      ""
	      TargetPreCompLibLocation ""
	      TargetFunctionLibrary   "ANSI_C"
	      UtilityFuncGeneration   "Auto"
	      ERTMultiwordTypeDef     "System defined"
	      ERTCodeCoverageTool     "None"
	      ERTMultiwordLength      256
	      MultiwordLength	      2048
	      GenerateFullHeader      on
	      GenerateSampleERTMain   off
	      GenerateTestInterfaces  off
	      IsPILTarget	      off
	      ModelReferenceCompliant on
	      ParMdlRefBuildCompliant on
	      CompOptLevelCompliant   on
	      IncludeMdlTerminateFcn  on
	      GeneratePreprocessorConditionals "Disable all"
	      CombineOutputUpdateFcns off
	      SuppressErrorStatus     off
	      ERTFirstTimeCompliant   off
	      IncludeFileDelimiter    "Auto"
	      ERTCustomFileBanners    off
	      SupportAbsoluteTime     on
	      LogVarNameModifier      "rt_"
	      MatFileLogging	      on
	      MultiInstanceERTCode    off
	      SupportNonFinite	      on
	      SupportComplex	      on
	      PurelyIntegerCode	      off
	      SupportContinuousTime   on
	      SupportNonInlinedSFcns  on
	      SupportVariableSizeSignals off
	      EnableShiftOperators    on
	      ParenthesesLevel	      "Nominal"
	      PortableWordSizes	      off
	      ModelStepFunctionPrototypeControlCompliant off
	      CPPClassGenCompliant    off
	      AutosarCompliant	      off
	      UseMalloc		      off
	      ExtMode		      off
	      ExtModeStaticAlloc      off
	      ExtModeTesting	      off
	      ExtModeStaticAllocSize  1000000
	      ExtModeTransport	      0
	      ExtModeMexFile	      "ext_comm"
	      ExtModeIntrfLevel	      "Level1"
	      RTWCAPISignals	      off
	      RTWCAPIParams	      off
	      RTWCAPIStates	      off
	      GenerateASAP2	      off
	    }
	    PropName		    "Components"
	  }
	}
	PropName		"Components"
      }
      Name		      "Configuration"
      CurrentDlgPage	      "Solver"
      ConfigPrmDlgPosition    " [ 243, 69, 1123, 699 ] "
    }
    PropName		    "ConfigurationSets"
  }
  Simulink.ConfigSet {
    $PropName		    "ActiveConfigurationSet"
    $ObjectID		    1
  }
  BlockDefaults {
    ForegroundColor	    "black"
    BackgroundColor	    "white"
    DropShadow		    off
    NamePlacement	    "normal"
    FontName		    "Helvetica"
    FontSize		    10
    FontWeight		    "normal"
    FontAngle		    "normal"
    ShowName		    on
    BlockRotation	    0
    BlockMirror		    off
  }
  AnnotationDefaults {
    HorizontalAlignment	    "center"
    VerticalAlignment	    "middle"
    ForegroundColor	    "black"
    BackgroundColor	    "white"
    DropShadow		    off
    FontName		    "Helvetica"
    FontSize		    10
    FontWeight		    "normal"
    FontAngle		    "normal"
    UseDisplayTextAsClickCallback off
  }
  LineDefaults {
    FontName		    "Helvetica"
    FontSize		    9
    FontWeight		    "normal"
    FontAngle		    "normal"
  }
  BlockParameterDefaults {
    Block {
      BlockType		      Constant
      Value		      "1"
      VectorParams1D	      on
      SamplingMode	      "Sample based"
      OutMin		      "[]"
      OutMax		      "[]"
      OutDataTypeMode	      "Inherit from 'Constant value'"
      OutDataType	      "fixdt(1,16,0)"
      ConRadixGroup	      "Use specified scaling"
      OutScaling	      "[]"
      OutDataTypeStr	      "Inherit: Inherit from 'Constant value'"
      LockScale		      off
      SampleTime	      "inf"
      FramePeriod	      "inf"
      PreserveConstantTs      off
    }
    Block {
      BlockType		      Derivative
      LinearizePole	      "inf"
    }
    Block {
      BlockType		      Gain
      Gain		      "1"
      Multiplication	      "Element-wise(K.*u)"
      ParamMin		      "[]"
      ParamMax		      "[]"
      ParameterDataTypeMode   "Same as input"
      ParameterDataType	      "fixdt(1,16,0)"
      ParameterScalingMode    "Best Precision: Matrix-wise"
      ParameterScaling	      "[]"
      ParamDataTypeStr	      "Inherit: Same as input"
      OutMin		      "[]"
      OutMax		      "[]"
      OutDataTypeMode	      "Same as input"
      OutDataType	      "fixdt(1,16,0)"
      OutScaling	      "[]"
      OutDataTypeStr	      "Inherit: Same as input"
      LockScale		      off
      RndMeth		      "Floor"
      SaturateOnIntegerOverflow	on
      SampleTime	      "-1"
    }
    Block {
      BlockType		      Integrator
      ExternalReset	      "none"
      InitialConditionSource  "internal"
      InitialCondition	      "0"
      LimitOutput	      off
      UpperSaturationLimit    "inf"
      LowerSaturationLimit    "-inf"
      ShowSaturationPort      off
      ShowStatePort	      off
      AbsoluteTolerance	      "auto"
      IgnoreLimit	      off
      ZeroCross		      on
      ContinuousStateAttributes	"''"
    }
    Block {
      BlockType		      Mux
      Inputs		      "4"
      DisplayOption	      "none"
      UseBusObject	      off
      BusObject		      "BusObject"
      NonVirtualBus	      off
    }
    Block {
      BlockType		      Saturate
      UpperLimit	      "0.5"
      LowerLimit	      "-0.5"
      LinearizeAsGain	      on
      ZeroCross		      on
      SampleTime	      "-1"
      OutMin		      "[]"
      OutMax		      "[]"
      OutDataTypeMode	      "Same as input"
      OutDataType	      "fixdt(1,16,0)"
      OutScaling	      "[]"
      OutDataTypeStr	      "Inherit: Same as input"
      LockScale		      off
      RndMeth		      "Floor"
    }
    Block {
      BlockType		      Scope
      ModelBased	      off
      TickLabels	      "OneTimeTick"
      ZoomMode		      "on"
      Grid		      "on"
      TimeRange		      "auto"
      YMin		      "-5"
      YMax		      "5"
      SaveToWorkspace	      off
      SaveName		      "ScopeData"
      LimitDataPoints	      on
      MaxDataPoints	      "5000"
      Decimation	      "1"
      SampleInput	      off
      SampleTime	      "-1"
    }
    Block {
      BlockType		      SignalViewerScope
      Floating		      off
      ModelBased	      off
      TickLabels	      "OneTimeTick"
      ZoomMode		      "on"
      Grid		      "on"
      TimeRange		      "auto"
      YMin		      "-5"
      YMax		      "5"
      SaveToWorkspace	      off
      SaveName		      "ScopeData"
      LimitDataPoints	      on
      MaxDataPoints	      "5000"
      Decimation	      "1"
      SampleInput	      off
      SampleTime	      "0"
      Disabled		      off
      ScrollMode	      on
    }
    Block {
      BlockType		      Step
      Time		      "1"
      Before		      "0"
      After		      "1"
      SampleTime	      "-1"
      VectorParams1D	      on
      ZeroCross		      on
    }
    Block {
      BlockType		      Sum
      IconShape		      "rectangular"
      Inputs		      "++"
      CollapseMode	      "All dimensions"
      CollapseDim	      "1"
      InputSameDT	      on
      AccumDataTypeStr	      "Inherit: Inherit via internal rule"
      OutMin		      "[]"
      OutMax		      "[]"
      OutDataTypeMode	      "Same as first input"
      OutDataType	      "fixdt(1,16,0)"
      OutScaling	      "[]"
      OutDataTypeStr	      "Inherit: Same as first input"
      LockScale		      off
      RndMeth		      "Floor"
      SaturateOnIntegerOverflow	on
      SampleTime	      "-1"
    }
    Block {
      BlockType		      ToWorkspace
      VariableName	      "simulink_output"
      MaxDataPoints	      "1000"
      Decimation	      "1"
      SampleTime	      "0"
      FixptAsFi		      off
    }
    Block {
      BlockType		      TransferFcn
      Numerator		      "[1]"
      Denominator	      "[1 2 1]"
      AbsoluteTolerance	      "auto"
      ContinuousStateAttributes	"''"
      Realization	      "auto"
    }
  }
  System {
    Name		    "model_ciagly"
    Location		    [33, 99, 1360, 698]
    Open		    on
    ModelBrowserVisibility  off
    ModelBrowserWidth	    200
    ScreenColor		    "white"
    PaperOrientation	    "landscape"
    PaperPositionMode	    "auto"
    PaperType		    "A4"
    PaperUnits		    "centimeters"
    TiledPaperMargins	    [1.270000, 1.270000, 1.270000, 1.270000]
    TiledPageScale	    1
    ShowPageBoundaries	    off
    ZoomFactor		    "80"
    ReportName		    "simulink-default.rpt"
    SIDHighWatermark	    108
    Block {
      BlockType		      Constant
      Name		      "Constant"
      SID		      46
      Position		      [905, 396, 995, 424]
      Value		      "In*lambdaN"
      OutDataType	      "fixdt(1, 16)"
      OutScaling	      "2^0"
    }
    Block {
      BlockType		      Constant
      Name		      "Constant1"
      SID		      107
      Position		      [905, 444, 995, 476]
      Value		      "deltaI"
      OutDataType	      "fixdt(1, 16)"
      OutScaling	      "2^0"
    }
    Block {
      BlockType		      Derivative
      Name		      "Derivative"
      SID		      47
      Position		      [530, 480, 560, 510]
    }
    Block {
      BlockType		      Derivative
      Name		      "Derivative1"
      SID		      93
      Position		      [1255, 770, 1285, 800]
    }
    Block {
      BlockType		      TransferFcn
      Name		      "GIM"
      SID		      48
      Position		      [285, 492, 360, 528]
      Numerator		      "[1/psien]"
      Denominator	      "[B*T B 1]"
    }
    Block {
      BlockType		      ToWorkspace
      Name		      "GIM1"
      SID		      49
      Ports		      [1]
      Position		      [430, 495, 490, 525]
      NamePlacement	      "alternate"
      ShowName		      off
      VariableName	      "GIM"
      MaxDataPoints	      "inf"
      SampleTime	      "-1"
      SaveFormat	      "Structure With Time"
    }
    Block {
      BlockType		      TransferFcn
      Name		      "GIM2"
      SID		      94
      Position		      [1000, 632, 1075, 668]
      Numerator		      "[1/psien]"
      Denominator	      "[B*T B 1]"
    }
    Block {
      BlockType		      ToWorkspace
      Name		      "GIM3"
      SID		      50
      Ports		      [1]
      Position		      [430, 670, 490, 700]
      ShowName		      off
      VariableName	      "GwU"
      MaxDataPoints	      "inf"
      SampleTime	      "-1"
      SaveFormat	      "Structure With Time"
    }
    Block {
      BlockType		      ToWorkspace
      Name		      "GIM4"
      SID		      95
      Ports		      [1]
      Position		      [1145, 635, 1205, 665]
      NamePlacement	      "alternate"
      ShowName		      off
      VariableName	      "GIM1"
      MaxDataPoints	      "inf"
      SampleTime	      "-1"
      SaveFormat	      "Structure With Time"
    }
    Block {
      BlockType		      ToWorkspace
      Name		      "GIM5"
      SID		      96
      Ports		      [1]
      Position		      [1145, 470, 1205, 500]
      ShowName		      off
      VariableName	      "GwU1"
      MaxDataPoints	      "inf"
      SampleTime	      "-1"
      SaveFormat	      "Structure With Time"
    }
    Block {
      BlockType		      TransferFcn
      Name		      "GIU"
      SID		      51
      Position		      [285, 562, 360, 598]
      Numerator		      "[B/Rt 0]"
      Denominator	      "[B*T B 1]"
    }
    Block {
      BlockType		      ToWorkspace
      Name		      "GIU1"
      SID		      52
      Ports		      [1]
      Position		      [430, 565, 490, 595]
      NamePlacement	      "alternate"
      ShowName		      off
      VariableName	      "GIU"
      MaxDataPoints	      "inf"
      SampleTime	      "-1"
      SaveFormat	      "Structure With Time"
    }
    Block {
      BlockType		      TransferFcn
      Name		      "GIU2"
      SID		      97
      Position		      [1000, 697, 1075, 733]
      Numerator		      "[B/Rt 0]"
      Denominator	      "[B*T B 1]"
    }
    Block {
      BlockType		      ToWorkspace
      Name		      "GIU3"
      SID		      53
      Ports		      [1]
      Position		      [430, 730, 490, 760]
      ShowName		      off
      VariableName	      "GwM"
      MaxDataPoints	      "inf"
      SampleTime	      "-1"
      SaveFormat	      "Structure With Time"
    }
    Block {
      BlockType		      ToWorkspace
      Name		      "GIU4"
      SID		      98
      Ports		      [1]
      Position		      [1145, 700, 1205, 730]
      NamePlacement	      "alternate"
      ShowName		      off
      VariableName	      "GIU1"
      MaxDataPoints	      "inf"
      SampleTime	      "-1"
      SaveFormat	      "Structure With Time"
    }
    Block {
      BlockType		      ToWorkspace
      Name		      "GIU5"
      SID		      99
      Ports		      [1]
      Position		      [1145, 570, 1205, 600]
      ShowName		      off
      VariableName	      "GwM1"
      MaxDataPoints	      "inf"
      SampleTime	      "-1"
      SaveFormat	      "Structure With Time"
    }
    Block {
      BlockType		      Gain
      Name		      "Gain1"
      SID		      16
      Position		      [150, 151, 225, 199]
      Gain		      "Kw/Tr"
      ParameterDataTypeMode   "Inherit via internal rule"
      ParameterDataType	      "fixdt(1, 16)"
      ParameterScaling	      "2^0"
      ParamDataTypeStr	      "Inherit: Inherit via internal rule"
      OutDataTypeMode	      "Inherit via internal rule"
      OutDataType	      "fixdt(1, 16)"
      OutScaling	      "2^0"
      OutDataTypeStr	      "Inherit: Inherit via internal rule"
      SaturateOnIntegerOverflow	off
    }
    Block {
      BlockType		      Gain
      Name		      "Gain2"
      SID		      22
      Position		      [475, 159, 515, 191]
      Gain		      "1/V"
      ParameterDataTypeMode   "Inherit via internal rule"
      ParameterDataType	      "fixdt(1, 16)"
      ParameterScaling	      "2^0"
      ParamDataTypeStr	      "Inherit: Inherit via internal rule"
      OutDataTypeMode	      "Inherit via internal rule"
      OutDataType	      "fixdt(1, 16)"
      OutScaling	      "2^0"
      OutDataTypeStr	      "Inherit: Inherit via internal rule"
      SaturateOnIntegerOverflow	off
    }
    Block {
      BlockType		      TransferFcn
      Name		      "GwM"
      SID		      54
      Position		      [215, 724, 370, 766]
      Numerator		      "[Rt/psien^2*T Rt/psien^2]"
      Denominator	      "[B*T B 1]"
    }
    Block {
      BlockType		      TransferFcn
      Name		      "GwM1"
      SID		      100
      Position		      [955, 559, 1110, 601]
      Numerator		      "[Rt/psien^2*T Rt/psien^2]"
      Denominator	      "[B*T B 1]"
    }
    Block {
      BlockType		      TransferFcn
      Name		      "GwU"
      SID		      55
      Position		      [285, 657, 360, 693]
      Numerator		      "[1/psien]"
      Denominator	      "[B*T B 1]"
    }
    Block {
      BlockType		      TransferFcn
      Name		      "GwU1"
      SID		      101
      Position		      [995, 502, 1070, 538]
      Numerator		      "[1/psien]"
      Denominator	      "[B*T B 1]"
    }
    Block {
      BlockType		      Integrator
      Name		      "Integrator"
      SID		      17
      Ports		      [1, 1]
      Position		      [250, 160, 280, 190]
      LimitOutput	      on
      UpperSaturationLimit    "10"
      LowerSaturationLimit    "-10"
    }
    Block {
      BlockType		      Integrator
      Name		      "Integrator1"
      SID		      23
      Ports		      [1, 1]
      Position		      [540, 160, 570, 190]
      LimitOutput	      on
      UpperSaturationLimit    "10"
      LowerSaturationLimit    "-10"
    }
    Block {
      BlockType		      Saturate
      Name		      "Kp_sat"
      SID		      25
      Ports		      [1, 1]
      Position		      [710, 110, 740, 140]
      UpperLimit	      "1.5*Un"
      LowerLimit	      "-1.5*Un"
      OutDataType	      "fixdt(1, 16)"
      OutScaling	      "2^0"
    }
    Block {
      BlockType		      Gain
      Name		      "Kt"
      SID		      35
      Position		      [605, 360, 635, 390]
      BlockMirror	      on
      NamePlacement	      "alternate"
      Gain		      "Kt"
      ParameterDataTypeMode   "Inherit via internal rule"
      ParameterDataType	      "fixdt(1, 16)"
      ParameterScaling	      "2^0"
      ParamDataTypeStr	      "Inherit: Inherit via internal rule"
      OutDataTypeMode	      "Inherit via internal rule"
      OutDataType	      "fixdt(1, 16)"
      OutScaling	      "2^0"
      OutDataTypeStr	      "Inherit: Inherit via internal rule"
      SaturateOnIntegerOverflow	off
    }
    Block {
      BlockType		      Step
      Name		      "Mm"
      SID		      28
      Position		      [955, 175, 985, 205]
      Time		      "tm"
      After		      "Mn"
      SampleTime	      "0"
    }
    Block {
      BlockType		      Mux
      Name		      "Mux"
      SID		      9
      Ports		      [3, 1]
      Position		      [1125, 311, 1130, 349]
      ShowName		      off
      Inputs		      "3"
      DisplayOption	      "bar"
    }
    Block {
      BlockType		      ToWorkspace
      Name		      "Prad silnika"
      SID		      8
      Ports		      [1]
      Position		      [945, 15, 1005, 45]
      VariableName	      "Is"
      MaxDataPoints	      "inf"
      SampleTime	      "-1"
      SaveFormat	      "Structure"
    }
    Block {
      BlockType		      Saturate
      Name		      "Sat1"
      SID		      2
      Ports		      [1, 1]
      Position		      [235, 100, 265, 130]
      UpperLimit	      "10"
      LowerLimit	      "-10"
      OutDataType	      "fixdt(1, 16)"
      OutScaling	      "2^0"
    }
    Block {
      BlockType		      Saturate
      Name		      "Sat2"
      SID		      14
      Ports		      [1, 1]
      Position		      [540, 110, 570, 140]
      UpperLimit	      "10"
      LowerLimit	      "-10"
      OutDataType	      "fixdt(1, 16)"
      OutScaling	      "2^0"
    }
    Block {
      BlockType		      Scope
      Name		      "Scope"
      SID		      10
      Ports		      [4]
      Position		      [1300, 266, 1360, 439]
      Floating		      off
      Location		      [5, 49, 1371, 727]
      Open		      off
      NumInputPorts	      "4"
      List {
	ListType		AxesTitles
	axes1			"%<SignalLabel>"
	axes2			"Dopuszczalna wartoœæ pr¹du twornika"
	axes3			"%<SignalLabel>"
	axes4			"%<SignalLabel>"
      }
      YMin		      "-5~-5~-5~-5"
      YMax		      "5~5~5~5"
      DataFormat	      "StructureWithTime"
      SampleTime	      "0"
    }
    Block {
      BlockType		      Scope
      Name		      "Scope1"
      SID		      56
      Ports		      [5]
      Position		      [585, 538, 640, 722]
      Floating		      off
      Location		      [5, 49, 1371, 727]
      Open		      off
      NumInputPorts	      "5"
      List {
	ListType		AxesTitles
	axes1			"%<SignalLabel>"
	axes2			"%<SignalLabel>"
	axes3			"%<SignalLabel>"
	axes4			"%<SignalLabel>"
	axes5			"%<SignalLabel>"
      }
      YMin		      "-5~-5~-5~-5~-5"
      YMax		      "5~5~5~5~5"
      SaveName		      "ScopeData1"
      DataFormat	      "StructureWithTime"
      SampleTime	      "0"
    }
    Block {
      BlockType		      Scope
      Name		      "Scope2"
      SID		      102
      Ports		      [5]
      Position		      [1350, 492, 1405, 728]
      Floating		      off
      Location		      [5, 49, 1371, 727]
      Open		      off
      NumInputPorts	      "5"
      List {
	ListType		AxesTitles
	axes1			"Odpowiedz impulsowa GwU"
	axes2			"Odpowiedz impulsowa GwM"
	axes3			"Odpowiedz impulsowa GIM"
	axes4			"Odpowiedz impulsowa GIU"
	axes5			"Pochodna odpowiedzi GIU"
      }
      YMin		      "-5~-5~-5~-5~-5"
      YMax		      "5~5~5~5~5"
      SaveName		      "ScopeData2"
      DataFormat	      "StructureWithTime"
      SampleTime	      "0"
    }
    Block {
      BlockType		      TransferFcn
      Name		      "Silnik"
      SID		      27
      Position		      [850, 117, 910, 153]
      Numerator		      "[1/Rt]"
      Denominator	      "[T 1]"
    }
    Block {
      BlockType		      TransferFcn
      Name		      "Silnik1"
      SID		      6
      Position		      [1075, 127, 1135, 163]
      Denominator	      "[J 0]"
    }
    Block {
      BlockType		      Step
      Name		      "Step"
      SID		      57
      Position		      [65, 610, 95, 640]
      After		      "psien*In"
      SampleTime	      "0"
    }
    Block {
      BlockType		      Step
      Name		      "Step1"
      SID		      58
      Position		      [140, 610, 170, 640]
      After		      "Un"
      SampleTime	      "0"
    }
    Block {
      BlockType		      Step
      Name		      "Step2"
      SID		      103
      Position		      [855, 600, 885, 630]
      After		      "psien*In"
      SampleTime	      "0"
    }
    Block {
      BlockType		      Step
      Name		      "Step3"
      SID		      104
      Position		      [790, 600, 820, 630]
      After		      "Un"
      SampleTime	      "0"
    }
    Block {
      BlockType		      Gain
      Name		      "Strumien"
      SID		      29
      Position		      [955, 120, 1005, 150]
      Gain		      "psien"
      ParameterDataTypeMode   "Inherit via internal rule"
      ParameterDataType	      "fixdt(1, 16)"
      ParameterScaling	      "2^0"
      ParamDataTypeStr	      "Inherit: Inherit via internal rule"
      OutDataTypeMode	      "Inherit via internal rule"
      OutDataType	      "fixdt(1, 16)"
      OutScaling	      "2^0"
      OutDataTypeStr	      "Inherit: Inherit via internal rule"
      SaturateOnIntegerOverflow	off
    }
    Block {
      BlockType		      Gain
      Name		      "Strumien1"
      SID		      30
      Position		      [945, 245, 995, 275]
      BlockMirror	      on
      NamePlacement	      "alternate"
      ShowName		      off
      Gain		      "psien"
      ParameterDataTypeMode   "Inherit via internal rule"
      ParameterDataType	      "fixdt(1, 16)"
      ParameterScaling	      "2^0"
      ParamDataTypeStr	      "Inherit: Inherit via internal rule"
      OutDataTypeMode	      "Inherit via internal rule"
      OutDataType	      "fixdt(1, 16)"
      OutScaling	      "2^0"
      OutDataTypeStr	      "Inherit: Inherit via internal rule"
      SaturateOnIntegerOverflow	off
    }
    Block {
      BlockType		      Sum
      Name		      "Sum"
      SID		      4
      Ports		      [2, 1]
      Position		      [310, 105, 330, 125]
      ShowName		      off
      IconShape		      "round"
      Inputs		      "|++"
      InputSameDT	      off
      OutDataTypeMode	      "Inherit via internal rule"
      OutDataType	      "fixdt(1, 16)"
      OutScaling	      "2^0"
      OutDataTypeStr	      "Inherit: Inherit via internal rule"
      SaturateOnIntegerOverflow	off
    }
    Block {
      BlockType		      Sum
      Name		      "Sum1"
      SID		      15
      Ports		      [2, 1]
      Position		      [600, 115, 620, 135]
      ShowName		      off
      IconShape		      "round"
      Inputs		      "|++"
      InputSameDT	      off
      OutDataTypeMode	      "Inherit via internal rule"
      OutDataType	      "fixdt(1, 16)"
      OutScaling	      "2^0"
      OutDataTypeStr	      "Inherit: Inherit via internal rule"
      SaturateOnIntegerOverflow	off
    }
    Block {
      BlockType		      Sum
      Name		      "Sum2"
      SID		      108
      Ports		      [2, 1]
      Position		      [1075, 400, 1095, 420]
      ShowName		      off
      IconShape		      "round"
      Inputs		      "|++"
      InputSameDT	      off
      OutDataTypeMode	      "Inherit via internal rule"
      OutDataType	      "fixdt(1, 16)"
      OutScaling	      "2^0"
      OutDataTypeStr	      "Inherit: Inherit via internal rule"
      SaturateOnIntegerOverflow	off
    }
    Block {
      BlockType		      ToWorkspace
      Name		      "To Workspace"
      SID		      59
      Ports		      [1]
      Position		      [585, 480, 645, 510]
      VariableName	      "dGUI"
      MaxDataPoints	      "inf"
      SampleTime	      "-1"
      SaveFormat	      "Structure"
    }
    Block {
      BlockType		      ToWorkspace
      Name		      "To Workspace1"
      SID		      105
      Ports		      [1]
      Position		      [1310, 770, 1370, 800]
      VariableName	      "dGUI1"
      MaxDataPoints	      "inf"
      SampleTime	      "-1"
      SaveFormat	      "Structure"
    }
    Block {
      BlockType		      Gain
      Name		      "Wzm."
      SID		      24
      Position		      [650, 109, 690, 141]
      Gain		      "Kp"
      ParameterDataTypeMode   "Inherit via internal rule"
      ParameterDataType	      "fixdt(1, 16)"
      ParameterScaling	      "2^0"
      ParamDataTypeStr	      "Inherit: Inherit via internal rule"
      OutDataTypeMode	      "Inherit via internal rule"
      OutDataType	      "fixdt(1, 16)"
      OutScaling	      "2^0"
      OutDataTypeStr	      "Inherit: Inherit via internal rule"
      SaturateOnIntegerOverflow	off
    }
    Block {
      BlockType		      Gain
      Name		      "Y"
      SID		      34
      Position		      [745, 330, 775, 360]
      BlockMirror	      on
      NamePlacement	      "alternate"
      Gain		      "Y"
      ParameterDataTypeMode   "Inherit via internal rule"
      ParameterDataType	      "fixdt(1, 16)"
      ParameterScaling	      "2^0"
      ParamDataTypeStr	      "Inherit: Inherit via internal rule"
      OutDataTypeMode	      "Inherit via internal rule"
      OutDataType	      "fixdt(1, 16)"
      OutScaling	      "2^0"
      OutDataTypeStr	      "Inherit: Inherit via internal rule"
      SaturateOnIntegerOverflow	off
    }
    Block {
      BlockType		      ToWorkspace
      Name		      "napiecie\nsilnika"
      SID		      7
      Ports		      [1]
      Position		      [790, 15, 850, 45]
      VariableName	      "Us"
      MaxDataPoints	      "inf"
      SampleTime	      "-1"
      SaveFormat	      "Structure"
    }
    Block {
      BlockType		      ToWorkspace
      Name		      "predkosc"
      SID		      32
      Ports		      [1]
      Position		      [1175, 130, 1235, 160]
      VariableName	      "omega"
      MaxDataPoints	      "inf"
      SampleTime	      "-1"
      SaveFormat	      "Structure"
    }
    Block {
      BlockType		      Gain
      Name		      "reg pradu"
      SID		      20
      Position		      [475, 109, 515, 141]
      Gain		      "m/V"
      ParameterDataTypeMode   "Inherit via internal rule"
      ParameterDataType	      "fixdt(1, 16)"
      ParameterScaling	      "2^0"
      ParamDataTypeStr	      "Inherit: Inherit via internal rule"
      OutDataTypeMode	      "Inherit via internal rule"
      OutDataType	      "fixdt(1, 16)"
      OutScaling	      "2^0"
      OutDataTypeStr	      "Inherit: Inherit via internal rule"
      SaturateOnIntegerOverflow	off
    }
    Block {
      BlockType		      Gain
      Name		      "reg pred."
      SID		      3
      Position		      [150, 99, 190, 131]
      Gain		      "Kw"
      ParameterDataTypeMode   "Inherit via internal rule"
      ParameterDataType	      "fixdt(1, 16)"
      ParameterScaling	      "2^0"
      ParamDataTypeStr	      "Inherit: Inherit via internal rule"
      OutDataTypeMode	      "Inherit via internal rule"
      OutDataType	      "fixdt(1, 16)"
      OutScaling	      "2^0"
      OutDataTypeStr	      "Inherit: Inherit via internal rule"
      SaturateOnIntegerOverflow	off
    }
    Block {
      BlockType		      Sum
      Name		      "ubtract"
      SID		      5
      Ports		      [2, 1]
      Position		      [85, 97, 115, 128]
      ShowName		      off
      Inputs		      "+-"
      InputSameDT	      off
      OutDataTypeMode	      "Inherit via internal rule"
      OutDataType	      "fixdt(1, 16)"
      OutScaling	      "2^-10"
      OutDataTypeStr	      "Inherit: Inherit via internal rule"
      SaturateOnIntegerOverflow	off
    }
    Block {
      BlockType		      Sum
      Name		      "ubtract1"
      SID		      19
      Ports		      [2, 1]
      Position		      [420, 107, 450, 138]
      ShowName		      off
      Inputs		      "+-"
      InputSameDT	      off
      OutDataTypeMode	      "Inherit via internal rule"
      OutDataType	      "fixdt(1, 16)"
      OutScaling	      "2^-10"
      OutDataTypeStr	      "Inherit: Inherit via internal rule"
      SaturateOnIntegerOverflow	off
    }
    Block {
      BlockType		      Sum
      Name		      "ubtract2"
      SID		      26
      Ports		      [2, 1]
      Position		      [785, 117, 815, 148]
      ShowName		      off
      Inputs		      "+-"
      InputSameDT	      off
      OutDataTypeMode	      "Inherit via internal rule"
      OutDataType	      "fixdt(1, 16)"
      OutScaling	      "2^-10"
      OutDataTypeStr	      "Inherit: Inherit via internal rule"
      SaturateOnIntegerOverflow	off
    }
    Block {
      BlockType		      Sum
      Name		      "ubtract3"
      SID		      31
      Ports		      [2, 1]
      Position		      [1025, 127, 1055, 158]
      ShowName		      off
      Inputs		      "+-"
      InputSameDT	      off
      OutDataTypeMode	      "Inherit via internal rule"
      OutDataType	      "fixdt(1, 16)"
      OutScaling	      "2^-10"
      OutDataTypeStr	      "Inherit: Inherit via internal rule"
      SaturateOnIntegerOverflow	off
    }
    Block {
      BlockType		      Saturate
      Name		      "uz0"
      SID		      18
      Ports		      [1, 1]
      Position		      [355, 100, 385, 130]
      UpperLimit	      "uz0"
      LowerLimit	      "-uz0"
      OutDataType	      "fixdt(1, 16)"
      OutScaling	      "2^0"
    }
    Block {
      BlockType		      Step
      Name		      "w_ref Kt"
      SID		      1
      Position		      [15, 90, 45, 120]
      Time		      "0"
      After		      "wn*Kt"
      SampleTime	      "0"
    }
    Block {
      BlockType		      SignalViewerScope
      Name		      "Scope3"
      SID		      106
      Ports		      []
      Position		      [20, 15, 60, 55]
      IOType		      "viewer"
      Location		      [188, 365, 512, 604]
      Open		      off
      NumInputPorts	      "1"
      List {
	ListType		AxesTitles
	axes1			"%<SignalLabel>"
      }
      ShowDataMarkers	      off
      ShowLegends	      on
      DataFormat	      "Array"
      MaxDataPoints	      "7500"
      RefreshTime	      0.035000
    }
    Line {
      SrcBlock		      "w_ref Kt"
      SrcPort		      1
      DstBlock		      "ubtract"
      DstPort		      1
    }
    Line {
      SrcBlock		      "ubtract"
      SrcPort		      1
      Points		      [15, 0]
      Branch {
	DstBlock		"reg pred."
	DstPort			1
      }
      Branch {
	DstBlock		"Gain1"
	DstPort			1
      }
    }
    Line {
      SrcBlock		      "reg pred."
      SrcPort		      1
      DstBlock		      "Sat1"
      DstPort		      1
    }
    Line {
      SrcBlock		      "Sat1"
      SrcPort		      1
      DstBlock		      "Sum"
      DstPort		      1
    }
    Line {
      SrcBlock		      "Gain1"
      SrcPort		      1
      DstBlock		      "Integrator"
      DstPort		      1
    }
    Line {
      SrcBlock		      "Integrator"
      SrcPort		      1
      Points		      [35, 0]
      DstBlock		      "Sum"
      DstPort		      2
    }
    Line {
      SrcBlock		      "Sum"
      SrcPort		      1
      DstBlock		      "uz0"
      DstPort		      1
    }
    Line {
      SrcBlock		      "uz0"
      SrcPort		      1
      Points		      [10, 0]
      Branch {
	DstBlock		"ubtract1"
	DstPort			1
      }
      Branch {
	Points			[0, -115; 885, 0]
	DstBlock		"Scope"
	DstPort			4
      }
    }
    Line {
      SrcBlock		      "ubtract1"
      SrcPort		      1
      Points		      [5, 0]
      Branch {
	DstBlock		"reg pradu"
	DstPort			1
      }
      Branch {
	DstBlock		"Gain2"
	DstPort			1
      }
    }
    Line {
      SrcBlock		      "reg pradu"
      SrcPort		      1
      DstBlock		      "Sat2"
      DstPort		      1
    }
    Line {
      SrcBlock		      "Sat2"
      SrcPort		      1
      DstBlock		      "Sum1"
      DstPort		      1
    }
    Line {
      SrcBlock		      "Gain2"
      SrcPort		      1
      DstBlock		      "Integrator1"
      DstPort		      1
    }
    Line {
      SrcBlock		      "Integrator1"
      SrcPort		      1
      Points		      [35, 0]
      DstBlock		      "Sum1"
      DstPort		      2
    }
    Line {
      SrcBlock		      "Sum1"
      SrcPort		      1
      DstBlock		      "Wzm."
      DstPort		      1
    }
    Line {
      SrcBlock		      "Wzm."
      SrcPort		      1
      DstBlock		      "Kp_sat"
      DstPort		      1
    }
    Line {
      SrcBlock		      "Kp_sat"
      SrcPort		      1
      Points		      [5, 0]
      Branch {
	Points			[15, 0]
	Branch {
	  DstBlock		  "ubtract2"
	  DstPort		  1
	}
	Branch {
	  Points		  [-5, 0; 0, -95]
	  DstBlock		  "napiecie\nsilnika"
	  DstPort		  1
	}
      }
      Branch {
	Points			[0, 160]
	DstBlock		"Scope"
	DstPort			1
      }
    }
    Line {
      SrcBlock		      "ubtract2"
      SrcPort		      1
      DstBlock		      "Silnik"
      DstPort		      1
    }
    Line {
      SrcBlock		      "Silnik"
      SrcPort		      1
      Points		      [15, 0]
      Branch {
	DstBlock		"Strumien"
	DstPort			1
      }
      Branch {
	DstBlock		"Prad silnika"
	DstPort			1
      }
      Branch {
	Points			[0, 210]
	Branch {
	  Points		  [135, 0; 0, -25]
	  DstBlock		  "Mux"
	  DstPort		  1
	}
	Branch {
	  DstBlock		  "Y"
	  DstPort		  1
	}
      }
    }
    Line {
      SrcBlock		      "Strumien"
      SrcPort		      1
      DstBlock		      "ubtract3"
      DstPort		      1
    }
    Line {
      SrcBlock		      "Mm"
      SrcPort		      1
      Points		      [20, 0]
      DstBlock		      "ubtract3"
      DstPort		      2
    }
    Line {
      SrcBlock		      "ubtract3"
      SrcPort		      1
      DstBlock		      "Silnik1"
      DstPort		      1
    }
    Line {
      SrcBlock		      "Silnik1"
      SrcPort		      1
      Points		      [10, 0]
      Branch {
	Points			[-5, 0; 0, 115]
	DstBlock		"Strumien1"
	DstPort			1
      }
      Branch {
	Points			[5, 0]
	Branch {
	  DstBlock		  "predkosc"
	  DstPort		  1
	}
	Branch {
	  Points		  [0, 230]
	  Branch {
	    DstBlock		    "Scope"
	    DstPort		    3
	  }
	  Branch {
	    DstBlock		    "Kt"
	    DstPort		    1
	  }
	}
      }
    }
    Line {
      SrcBlock		      "Mux"
      SrcPort		      1
      DstBlock		      "Scope"
      DstPort		      2
    }
    Line {
      SrcBlock		      "Strumien1"
      SrcPort		      1
      Points		      [-180, 0; 0, -120]
      DstBlock		      "ubtract2"
      DstPort		      2
    }
    Line {
      SrcBlock		      "Y"
      SrcPort		      1
      Points		      [-350, 0; 0, -215]
      DstBlock		      "ubtract1"
      DstPort		      2
    }
    Line {
      SrcBlock		      "Kt"
      SrcPort		      1
      Points		      [-530, 0]
      DstBlock		      "ubtract"
      DstPort		      2
    }
    Line {
      SrcBlock		      "Constant"
      SrcPort		      1
      Points		      [5, 0; 0, -5]
      Branch {
	Points			[0, -55; 65, 0; 0, -20]
	DstBlock		"Mux"
	DstPort			2
      }
      Branch {
	Points			[0, 5]
	DstBlock		"Sum2"
	DstPort			1
      }
    }
    Line {
      SrcBlock		      "GIM"
      SrcPort		      1
      Points		      [30, 0]
      Branch {
	Points			[0, 50]
	DstBlock		"Scope1"
	DstPort			1
      }
      Branch {
	DstBlock		"GIM1"
	DstPort			1
      }
    }
    Line {
      SrcBlock		      "GIU"
      SrcPort		      1
      Points		      [30, 0]
      Branch {
	DstBlock		"GIU1"
	DstPort			1
      }
      Branch {
	Points			[0, 15; 120, 0]
	Branch {
	  DstBlock		  "Scope1"
	  DstPort		  2
	}
	Branch {
	  Points		  [0, -15]
	  Branch {
	    DstBlock		    "Derivative"
	    DstPort		    1
	  }
	  Branch {
	    Points		    [0, 120]
	    DstBlock		    "Scope1"
	    DstPort		    5
	  }
	}
      }
    }
    Line {
      SrcBlock		      "Step1"
      SrcPort		      1
      Points		      [0, 0]
      Branch {
	Labels			[2, 0]
	Points			[20, 0; 0, -45]
	DstBlock		"GIU"
	DstPort			1
      }
      Branch {
	Points			[20, 0; 0, 50]
	DstBlock		"GwU"
	DstPort			1
      }
    }
    Line {
      Labels		      [1, 0]
      SrcBlock		      "Step"
      SrcPort		      1
      Points		      [0, 0]
      Branch {
	Points			[0, -115]
	DstBlock		"GIM"
	DstPort			1
      }
      Branch {
	Points			[0, 120]
	DstBlock		"GwM"
	DstPort			1
      }
    }
    Line {
      SrcBlock		      "GwU"
      SrcPort		      1
      Points		      [30, 0]
      Branch {
	Points			[20, 0]
	DstBlock		"GIM3"
	DstPort			1
      }
      Branch {
	Points			[0, -45]
	DstBlock		"Scope1"
	DstPort			3
      }
    }
    Line {
      SrcBlock		      "GwM"
      SrcPort		      1
      Points		      [20, 0]
      Branch {
	DstBlock		"GIU3"
	DstPort			1
      }
      Branch {
	Points			[0, -80]
	DstBlock		"Scope1"
	DstPort			4
      }
    }
    Line {
      SrcBlock		      "Derivative"
      SrcPort		      1
      DstBlock		      "To Workspace"
      DstPort		      1
    }
    Line {
      SrcBlock		      "Derivative1"
      SrcPort		      1
      Points		      [5, 0]
      Branch {
	DstBlock		"To Workspace1"
	DstPort			1
      }
      Branch {
	Points			[0, -85]
	DstBlock		"Scope2"
	DstPort			5
      }
    }
    Line {
      SrcBlock		      "GwU1"
      SrcPort		      1
      Points		      [25, 0]
      Branch {
	Points			[30, 0]
	DstBlock		"GIM5"
	DstPort			1
      }
      Branch {
	DstBlock		"Scope2"
	DstPort			1
      }
    }
    Line {
      SrcBlock		      "GwM1"
      SrcPort		      1
      Points		      [10, 0]
      Branch {
	Points			[5, 0]
	DstBlock		"GIU5"
	DstPort			1
      }
      Branch {
	Points			[0, -15]
	DstBlock		"Scope2"
	DstPort			2
      }
    }
    Line {
      SrcBlock		      "GIM2"
      SrcPort		      1
      Points		      [30, 0]
      Branch {
	DstBlock		"GIM4"
	DstPort			1
      }
      Branch {
	Points			[0, -40]
	DstBlock		"Scope2"
	DstPort			3
      }
    }
    Line {
      SrcBlock		      "GIU2"
      SrcPort		      1
      Points		      [30, 0]
      Branch {
	DstBlock		"GIU4"
	DstPort			1
      }
      Branch {
	Points			[0, -25; 110, 0]
	Branch {
	  Points		  [0, -35]
	  DstBlock		  "Scope2"
	  DstPort		  4
	}
	Branch {
	  Points		  [0, 95]
	  DstBlock		  "Derivative1"
	  DstPort		  1
	}
      }
    }
    Line {
      SrcBlock		      "Step2"
      SrcPort		      1
      Points		      [35, 0]
      Branch {
	Points			[0, -35]
	DstBlock		"GwM1"
	DstPort			1
      }
      Branch {
	Points			[0, 35]
	DstBlock		"GIM2"
	DstPort			1
      }
    }
    Line {
      SrcBlock		      "Step3"
      SrcPort		      1
      Points		      [25, 0]
      Branch {
	Points			[0, -95]
	DstBlock		"GwU1"
	DstPort			1
      }
      Branch {
	Points			[0, 100]
	DstBlock		"GIU2"
	DstPort			1
      }
    }
    Line {
      SrcBlock		      "Constant1"
      SrcPort		      1
      Points		      [85, 0]
      DstBlock		      "Sum2"
      DstPort		      2
    }
    Line {
      SrcBlock		      "Sum2"
      SrcPort		      1
      Points		      [10, 0]
      DstBlock		      "Mux"
      DstPort		      3
    }
    Annotation {
      Position		      [439, 196]
    }
    Annotation {
      Position		      [1301, 353]
    }
    Annotation {
      Name		      "Transmitancje ze wzoru 8"
      Position		      [143, 483]
      BackgroundColor	      "red"
    }
  }
}
